# JRE version: OpenJDK Runtime Environment (8.0_152-b02) (build 1.8.0_152-release-1024-b02)
# Java VM: OpenJDK 64-Bit Server VM (25.152-b02 mixed mode windows-amd64 compressed oops)
Heap:
 PSYoungGen      total 197632K, used 77181K [0x00000000e0000000, 0x00000000edb80000, 0x0000000100000000)
  eden space 178176K, 43% used [0x00000000e0000000,0x00000000e4b5f658,0x00000000eae00000)
  from space 19456K, 0% used [0x00000000ec400000,0x00000000ec400000,0x00000000ed700000)
  to   space 22528K, 0% used [0x00000000eae00000,0x00000000eae00000,0x00000000ec400000)
 ParOldGen       total 267264K, used 33467K [0x00000000a0000000, 0x00000000b0500000, 0x00000000e0000000)
  object space 267264K, 12% used [0x00000000a0000000,0x00000000a20aef08,0x00000000b0500000)
 Metaspace       used 60257K, capacity 62038K, committed 62336K, reserved 1103872K
  class space    used 8093K, capacity 8560K, committed 8576K, reserved 1048576K
GC Heap History (10 events):
Event: 2.873 GC heap before
{Heap before GC invocations=7 (full 2):
 PSYoungGen      total 138240K, used 10742K [0x00000000e0000000, 0x00000000e9b80000, 0x0000000100000000)
  eden space 127488K, 0% used [0x00000000e0000000,0x00000000e0000000,0x00000000e7c80000)
  from space 10752K, 99% used [0x00000000e7c80000,0x00000000e86fd950,0x00000000e8700000)
  to   space 13312K, 0% used [0x00000000e8e80000,0x00000000e8e80000,0x00000000e9b80000)
 ParOldGen       total 111104K, used 10930K [0x00000000a0000000, 0x00000000a6c80000, 0x00000000e0000000)
  object space 111104K, 9% used [0x00000000a0000000,0x00000000a0aacb60,0x00000000a6c80000)
 Metaspace       used 34726K, capacity 35292K, committed 35416K, reserved 1079296K
  class space    used 4789K, capacity 5004K, committed 5120K, reserved 1048576K
Event: 2.910 GC heap after
Heap after GC invocations=7 (full 2):
 PSYoungGen      total 138240K, used 0K [0x00000000e0000000, 0x00000000e9b80000, 0x0000000100000000)
  eden space 127488K, 0% used [0x00000000e0000000,0x00000000e0000000,0x00000000e7c80000)
  from space 10752K, 0% used [0x00000000e7c80000,0x00000000e7c80000,0x00000000e8700000)
  to   space 13312K, 0% used [0x00000000e8e80000,0x00000000e8e80000,0x00000000e9b80000)
 ParOldGen       total 185344K, used 19354K [0x00000000a0000000, 0x00000000ab500000, 0x00000000e0000000)
  object space 185344K, 10% used [0x00000000a0000000,0x00000000a12e6b60,0x00000000ab500000)
 Metaspace       used 34726K, capacity 35292K, committed 35416K, reserved 1079296K
  class space    used 4789K, capacity 5004K, committed 5120K, reserved 1048576K
}
Event: 3.735 GC heap before
{Heap before GC invocations=8 (full 2):
 PSYoungGen      total 138240K, used 127488K [0x00000000e0000000, 0x00000000e9b80000, 0x0000000100000000)
  eden space 127488K, 100% used [0x00000000e0000000,0x00000000e7c80000,0x00000000e7c80000)
  from space 10752K, 0% used [0x00000000e7c80000,0x00000000e7c80000,0x00000000e8700000)
  to   space 13312K, 0% used [0x00000000e8e80000,0x00000000e8e80000,0x00000000e9b80000)
 ParOldGen       total 185344K, used 19354K [0x00000000a0000000, 0x00000000ab500000, 0x00000000e0000000)
  object space 185344K, 10% used [0x00000000a0000000,0x00000000a12e6b60,0x00000000ab500000)
 Metaspace       used 42809K, capacity 43732K, committed 43904K, reserved 1087488K
  class space    used 5916K, capacity 6207K, committed 6272K, reserved 1048576K
Event: 3.748 GC heap after
Heap after GC invocations=8 (full 2):
 PSYoungGen      total 143872K, used 13283K [0x00000000e0000000, 0x00000000ecb00000, 0x0000000100000000)
  eden space 130560K, 0% used [0x00000000e0000000,0x00000000e0000000,0x00000000e7f80000)
  from space 13312K, 99% used [0x00000000e8e80000,0x00000000e9b78e60,0x00000000e9b80000)
  to   space 15360K, 0% used [0x00000000e7f80000,0x00000000e7f80000,0x00000000e8e80000)
 ParOldGen       total 185344K, used 20067K [0x00000000a0000000, 0x00000000ab500000, 0x00000000e0000000)
  object space 185344K, 10% used [0x00000000a0000000,0x00000000a1398d60,0x00000000ab500000)
 Metaspace       used 42809K, capacity 43732K, committed 43904K, reserved 1087488K
  class space    used 5916K, capacity 6207K, committed 6272K, reserved 1048576K
}
Event: 4.746 GC heap before
{Heap before GC invocations=9 (full 2):
 PSYoungGen      total 143872K, used 143843K [0x00000000e0000000, 0x00000000ecb00000, 0x0000000100000000)
  eden space 130560K, 100% used [0x00000000e0000000,0x00000000e7f80000,0x00000000e7f80000)
  from space 13312K, 99% used [0x00000000e8e80000,0x00000000e9b78e60,0x00000000e9b80000)
  to   space 15360K, 0% used [0x00000000e7f80000,0x00000000e7f80000,0x00000000e8e80000)
 ParOldGen       total 185344K, used 20067K [0x00000000a0000000, 0x00000000ab500000, 0x00000000e0000000)
  object space 185344K, 10% used [0x00000000a0000000,0x00000000a1398d60,0x00000000ab500000)
 Metaspace       used 52998K, capacity 54606K, committed 54784K, reserved 1095680K
  class space    used 7286K, capacity 7678K, committed 7680K, reserved 1048576K
Event: 4.761 GC heap after
Heap after GC invocations=9 (full 2):
 PSYoungGen      total 145920K, used 15348K [0x00000000e0000000, 0x00000000ed700000, 0x0000000100000000)
  eden space 130560K, 0% used [0x00000000e0000000,0x00000000e0000000,0x00000000e7f80000)
  from space 15360K, 99% used [0x00000000e7f80000,0x00000000e8e7d078,0x00000000e8e80000)
  to   space 19456K, 0% used [0x00000000ec400000,0x00000000ec400000,0x00000000ed700000)
 ParOldGen       total 185344K, used 24666K [0x00000000a0000000, 0x00000000ab500000, 0x00000000e0000000)
  object space 185344K, 13% used [0x00000000a0000000,0x00000000a1816a30,0x00000000ab500000)
 Metaspace       used 52998K, capacity 54606K, committed 54784K, reserved 1095680K
  class space    used 7286K, capacity 7678K, committed 7680K, reserved 1048576K
}
Event: 5.740 GC heap before
{Heap before GC invocations=10 (full 2):
 PSYoungGen      total 145920K, used 82205K [0x00000000e0000000, 0x00000000ed700000, 0x0000000100000000)
  eden space 130560K, 51% used [0x00000000e0000000,0x00000000e414a498,0x00000000e7f80000)
  from space 15360K, 99% used [0x00000000e7f80000,0x00000000e8e7d078,0x00000000e8e80000)
  to   space 19456K, 0% used [0x00000000ec400000,0x00000000ec400000,0x00000000ed700000)
 ParOldGen       total 185344K, used 24666K [0x00000000a0000000, 0x00000000ab500000, 0x00000000e0000000)
  object space 185344K, 13% used [0x00000000a0000000,0x00000000a1816a30,0x00000000ab500000)
 Metaspace       used 57305K, capacity 58880K, committed 59008K, reserved 1099776K
  class space    used 7858K, capacity 8245K, committed 8320K, reserved 1048576K
Event: 5.752 GC heap after
Heap after GC invocations=10 (full 2):
 PSYoungGen      total 197632K, used 19453K [0x00000000e0000000, 0x00000000edb80000, 0x0000000100000000)
  eden space 178176K, 0% used [0x00000000e0000000,0x00000000e0000000,0x00000000eae00000)
  from space 19456K, 99% used [0x00000000ec400000,0x00000000ed6ff530,0x00000000ed700000)
  to   space 22528K, 0% used [0x00000000eae00000,0x00000000eae00000,0x00000000ec400000)
 ParOldGen       total 185344K, used 25708K [0x00000000a0000000, 0x00000000ab500000, 0x00000000e0000000)
  object space 185344K, 13% used [0x00000000a0000000,0x00000000a191b1d0,0x00000000ab500000)
 Metaspace       used 57305K, capacity 58880K, committed 59008K, reserved 1099776K
  class space    used 7858K, capacity 8245K, committed 8320K, reserved 1048576K
}
Event: 5.752 GC heap before
{Heap before GC invocations=11 (full 3):
 PSYoungGen      total 197632K, used 19453K [0x00000000e0000000, 0x00000000edb80000, 0x0000000100000000)
  eden space 178176K, 0% used [0x00000000e0000000,0x00000000e0000000,0x00000000eae00000)
  from space 19456K, 99% used [0x00000000ec400000,0x00000000ed6ff530,0x00000000ed700000)
  to   space 22528K, 0% used [0x00000000eae00000,0x00000000eae00000,0x00000000ec400000)
 ParOldGen       total 185344K, used 25708K [0x00000000a0000000, 0x00000000ab500000, 0x00000000e0000000)
  object space 185344K, 13% used [0x00000000a0000000,0x00000000a191b1d0,0x00000000ab500000)
 Metaspace       used 57305K, capacity 58880K, committed 59008K, reserved 1099776K
  class space    used 7858K, capacity 8245K, committed 8320K, reserved 1048576K
Event: 5.861 GC heap after
Heap after GC invocations=11 (full 3):
 PSYoungGen      total 197632K, used 0K [0x00000000e0000000, 0x00000000edb80000, 0x0000000100000000)
  eden space 178176K, 0% used [0x00000000e0000000,0x00000000e0000000,0x00000000eae00000)
  from space 19456K, 0% used [0x00000000ec400000,0x00000000ec400000,0x00000000ed700000)
  to   space 22528K, 0% used [0x00000000eae00000,0x00000000eae00000,0x00000000ec400000)
 ParOldGen       total 267264K, used 33467K [0x00000000a0000000, 0x00000000b0500000, 0x00000000e0000000)
  object space 267264K, 12% used [0x00000000a0000000,0x00000000a20aef08,0x00000000b0500000)
 Metaspace       used 57305K, capacity 58880K, committed 59008K, reserved 1099776K
  class space    used 7858K, capacity 8245K, committed 8320K, reserved 1048576K
}

